<?xml version="1.0" encoding="UTF-8"?>
<testsuite xmlns:xsi="http://www.w3.org/2001/XMLSchema-instance" xsi:noNamespaceSchemaLocation="https://maven.apache.org/surefire/maven-surefire-plugin/xsd/surefire-test-report-3.0.xsd" version="3.0" name="com.algonquin.cst8288.assignment2.test.SingletonPattern_Test" time="0.33" tests="2" errors="0" skipped="0" failures="0">
  <properties>
[...]
</properties>
  <testcase name="testLMSLogger" classname="com.algonquin.cst8288.assignment2.test.SingletonPattern_Test" time="0.0"/>
  <testcase name="testDBConnection" classname="com.algonquin.cst8288.assignment2.test.SingletonPattern_Test" time="0.328"/>
</testsuite>